commit 35cceba55786db8b61454d41073dd6c80e59c8be
Author: camim <mcamimong@gmail.com>
Date:   Sun May 7 23:04:49 2017 -0500

    Primer envio Ramados

commit 3e05271f40dc34e5af8b1bc829c0ef3acf42cd62
Author: camim <mcamimong@gmail.com>
Date:   Sun May 7 22:58:04 2017 -0500

    Primer envio Ramauno

commit c565dc7a42086b2aeac65138caac0a209b763d5b
Author: camim <mcamimong@gmail.com>
Date:   Sun May 7 22:49:20 2017 -0500

    Quinto envio con todo

commit 425f00d0d87bd3bdc3dad73f6f473b31e4e3b56e
Author: camim <mcamimong@gmail.com>
Date:   Sun May 7 22:43:01 2017 -0500

    Cuarto envio con notas

commit 2d05881ecf1a10810557d83884b01c5ac0484321
Author: camim <mcamimong@gmail.com>
Date:   Sun May 7 22:39:22 2017 -0500

    Envio de carpeta js

commit ff2dd8a3522114fd3fc13fc50c17b9ee94f35733
Author: camim <mcamimong@gmail.com>
Date:   Sun May 7 22:36:50 2017 -0500

    Envio de carpeta styles

commit ad5cd4f91cf66c872b4394529beeae5ed6b700fe
Author: camim <mcamimong@gmail.com>
Date:   Sun May 7 22:20:42 2017 -0500

    Tercer envio

commit 74709bd495961f11d79b37e4fa3496252654c334
Author: camim <mcamimong@gmail.com>
Date:   Sun May 7 22:18:24 2017 -0500

    Envio html

commit 75aa4e1bafbc96ab4600e910bb80482e976ccc25
Author: camim <mcamimong@gmail.com>
Date:   Sun May 7 22:13:42 2017 -0500

    Envio css

commit e908e79ca2d4967ae27601d69f5f6cdba3aff851
Author: camim <mcamimong@gmail.com>
Date:   Sun May 7 22:04:44 2017 -0500

    Envio de carpeta contenido

commit bb6d7a574202612e3de165cae64ab5e679df554f
Author: camim <mcamimong@gmail.com>
Date:   Sun May 7 21:49:03 2017 -0500

    Envio de carpeta Images

commit 775ad146a71f9b3ad66aa0bf839a8fefc04e362b
Author: camim <mcamimong@gmail.com>
Date:   Sun May 7 21:36:15 2017 -0500

    Segundo envio

commit 285f84122057d91b46f1018292bfab7e3716f3a6
Author: camim <mcamimong@gmail.com>
Date:   Sun May 7 21:29:46 2017 -0500

    Primer envio
